<?xml version="1.0" encoding="UTF-8"?>
<!-- Generated by org.testng.reporters.JUnitReportReporter -->
<testsuite hostname="aaeffbedcbcbdebeaebeabdddafabbaa-0" failures="0" tests="1" name="runner.TestAvoncycles" time="18.303" errors="0" timestamp="2025-04-10T12:05:35 UTC" skipped="0">
  <testcase classname="runner.TestAvoncycles" name="TestCaseOne" time="18.303"/>
</testsuite> <!-- runner.TestAvoncycles -->
